  combinedaxisdemos.cpp
c:\users\teste\centralgit\wxfreechart\wxfreechartgraphs\include\wx\axis\numberaxis.h(38): warning C4100: 'labelCount': unreferenced formal parameter
c:\users\teste\centralgit\wxfreechart\wxfreechartgraphs\include\wx\multiplot.h(57): warning C4100: 'rc': unreferenced formal parameter
c:\users\teste\centralgit\wxfreechart\wxfreechartgraphs\include\wx\multiplot.h(57): warning C4100: 'cdc': unreferenced formal parameter
c:\users\teste\centralgit\wxfreechart\wxfreechartgraphs\sample\combinedaxisdemos.cpp(62): warning C4996: 'XYSimpleDataset::AddSerie': deprecated: Use AddSerie(new XYSerie(const wxVector&<wxRealPoint>)) instead.
  c:\users\teste\centralgit\wxfreechart\wxfreechartgraphs\include\wx\xy\xysimpledataset.h(110): note: see declaration of 'XYSimpleDataset::AddSerie'
c:\users\teste\centralgit\wxfreechart\wxfreechartgraphs\sample\combinedaxisdemos.cpp(97): warning C4996: 'XYSimpleDataset::AddSerie': deprecated: Use AddSerie(new XYSerie(const wxVector&<wxRealPoint>)) instead.
  c:\users\teste\centralgit\wxfreechart\wxfreechartgraphs\include\wx\xy\xysimpledataset.h(110): note: see declaration of 'XYSimpleDataset::AddSerie'
c:\users\teste\centralgit\wxfreechart\wxfreechartgraphs\sample\combinedaxisdemos.cpp(175): warning C4996: 'XYSimpleDataset::AddSerie': deprecated: Use AddSerie(new XYSerie(const wxVector&<wxRealPoint>)) instead.
  c:\users\teste\centralgit\wxfreechart\wxfreechartgraphs\include\wx\xy\xysimpledataset.h(110): note: see declaration of 'XYSimpleDataset::AddSerie'
c:\users\teste\centralgit\wxfreechart\wxfreechartgraphs\sample\combinedaxisdemos.cpp(214): warning C4996: 'XYSimpleDataset::AddSerie': deprecated: Use AddSerie(new XYSerie(const wxVector&<wxRealPoint>)) instead.
  c:\users\teste\centralgit\wxfreechart\wxfreechartgraphs\include\wx\xy\xysimpledataset.h(110): note: see declaration of 'XYSimpleDataset::AddSerie'
c:\users\teste\centralgit\wxfreechart\wxfreechartgraphs\sample\combinedaxisdemos.cpp(293): warning C4996: 'XYSimpleDataset::AddSerie': deprecated: Use AddSerie(new XYSerie(const wxVector&<wxRealPoint>)) instead.
  c:\users\teste\centralgit\wxfreechart\wxfreechartgraphs\include\wx\xy\xysimpledataset.h(110): note: see declaration of 'XYSimpleDataset::AddSerie'
  Generating Code...
  Compiling...
  xydemos.cpp
c:\users\teste\centralgit\wxfreechart\wxfreechartgraphs\include\wx\axis\numberaxis.h(38): warning C4100: 'labelCount': unreferenced formal parameter
c:\users\teste\centralgit\wxfreechart\wxfreechartgraphs\sample\xydemos.cpp(132): warning C4996: 'XYSimpleDataset::SetSerieName': deprecated: Use GetSeries()->SetName() instead.
  c:\users\teste\centralgit\wxfreechart\wxfreechartgraphs\include\wx\xy\xysimpledataset.h(132): note: see declaration of 'XYSimpleDataset::SetSerieName'
c:\users\teste\centralgit\wxfreechart\wxfreechartgraphs\sample\xydemos.cpp(133): warning C4996: 'XYSimpleDataset::SetSerieName': deprecated: Use GetSeries()->SetName() instead.
  c:\users\teste\centralgit\wxfreechart\wxfreechartgraphs\include\wx\xy\xysimpledataset.h(132): note: see declaration of 'XYSimpleDataset::SetSerieName'
c:\users\teste\centralgit\wxfreechart\wxfreechartgraphs\sample\xydemos.cpp(198): warning C4996: 'XYSimpleDataset::SetSerieName': deprecated: Use GetSeries()->SetName() instead.
  c:\users\teste\centralgit\wxfreechart\wxfreechartgraphs\include\wx\xy\xysimpledataset.h(132): note: see declaration of 'XYSimpleDataset::SetSerieName'
c:\users\teste\centralgit\wxfreechart\wxfreechartgraphs\sample\xydemos.cpp(199): warning C4996: 'XYSimpleDataset::SetSerieName': deprecated: Use GetSeries()->SetName() instead.
  c:\users\teste\centralgit\wxfreechart\wxfreechartgraphs\include\wx\xy\xysimpledataset.h(132): note: see declaration of 'XYSimpleDataset::SetSerieName'
c:\users\teste\centralgit\wxfreechart\wxfreechartgraphs\sample\xydemos.cpp(303): warning C4100: 'ev': unreferenced formal parameter
c:\users\teste\centralgit\wxfreechart\wxfreechartgraphs\sample\xydemos.cpp(728): warning C4996: 'XYSimpleDataset::SetSerieName': deprecated: Use GetSeries()->SetName() instead.
  c:\users\teste\centralgit\wxfreechart\wxfreechartgraphs\include\wx\xy\xysimpledataset.h(132): note: see declaration of 'XYSimpleDataset::SetSerieName'
c:\users\teste\centralgit\wxfreechart\wxfreechartgraphs\sample\xydemos.cpp(729): warning C4996: 'XYSimpleDataset::SetSerieName': deprecated: Use GetSeries()->SetName() instead.
  c:\users\teste\centralgit\wxfreechart\wxfreechartgraphs\include\wx\xy\xysimpledataset.h(132): note: see declaration of 'XYSimpleDataset::SetSerieName'
c:\users\teste\centralgit\wxfreechart\wxfreechartgraphs\sample\xydemos.cpp(730): warning C4996: 'XYSimpleDataset::SetSerieName': deprecated: Use GetSeries()->SetName() instead.
  c:\users\teste\centralgit\wxfreechart\wxfreechartgraphs\include\wx\xy\xysimpledataset.h(132): note: see declaration of 'XYSimpleDataset::SetSerieName'
c:\users\teste\centralgit\wxfreechart\wxfreechartgraphs\sample\xydemos.cpp(808): warning C4996: 'XYSimpleDataset::SetSerieName': deprecated: Use GetSeries()->SetName() instead.
  c:\users\teste\centralgit\wxfreechart\wxfreechartgraphs\include\wx\xy\xysimpledataset.h(132): note: see declaration of 'XYSimpleDataset::SetSerieName'
c:\users\teste\centralgit\wxfreechart\wxfreechartgraphs\sample\xydemos.cpp(809): warning C4996: 'XYSimpleDataset::SetSerieName': deprecated: Use GetSeries()->SetName() instead.
  c:\users\teste\centralgit\wxfreechart\wxfreechartgraphs\include\wx\xy\xysimpledataset.h(132): note: see declaration of 'XYSimpleDataset::SetSerieName'
  titledemos.cpp
c:\users\teste\centralgit\wxfreechart\wxfreechartgraphs\include\wx\axis\numberaxis.h(38): warning C4100: 'labelCount': unreferenced formal parameter
  timeseriesdemos.cpp
c:\users\teste\centralgit\wxfreechart\wxfreechartgraphs\include\wx\axis\numberaxis.h(38): warning C4100: 'labelCount': unreferenced formal parameter
  sigademos3.cpp
c:\users\teste\centralgit\wxfreechart\wxfreechartgraphs\include\wx\axis\numberaxis.h(38): warning C4100: 'labelCount': unreferenced formal parameter
c:\users\teste\centralgit\wxfreechart\wxfreechartgraphs\sample\sigademos3.cpp(78): warning C4996: 'XYSimpleDataset::AddSerie': deprecated: Use AddSerie(new XYSerie(const wxVector&<wxRealPoint>)) instead.
  c:\users\teste\centralgit\wxfreechart\wxfreechartgraphs\include\wx\xy\xysimpledataset.h(110): note: see declaration of 'XYSimpleDataset::AddSerie'
c:\users\teste\centralgit\wxfreechart\wxfreechartgraphs\sample\sigademos3.cpp(83): warning C4996: 'XYSimpleDataset::AddSerie': deprecated: Use AddSerie(new XYSerie(const wxVector&<wxRealPoint>)) instead.
  c:\users\teste\centralgit\wxfreechart\wxfreechartgraphs\include\wx\xy\xysimpledataset.h(110): note: see declaration of 'XYSimpleDataset::AddSerie'
c:\users\teste\centralgit\wxfreechart\wxfreechartgraphs\sample\sigademos3.cpp(253): warning C4996: 'XYSimpleDataset::SetSerieName': deprecated: Use GetSeries()->SetName() instead.
  c:\users\teste\centralgit\wxfreechart\wxfreechartgraphs\include\wx\xy\xysimpledataset.h(132): note: see declaration of 'XYSimpleDataset::SetSerieName'
c:\users\teste\centralgit\wxfreechart\wxfreechartgraphs\sample\sigademos3.cpp(256): warning C4996: 'XYSimpleDataset::SetSerieName': deprecated: Use GetSeries()->SetName() instead.
  c:\users\teste\centralgit\wxfreechart\wxfreechartgraphs\include\wx\xy\xysimpledataset.h(132): note: see declaration of 'XYSimpleDataset::SetSerieName'
c:\users\teste\centralgit\wxfreechart\wxfreechartgraphs\sample\sigademos3.cpp(451): warning C4996: 'XYSimpleDataset::AddSerie': deprecated: Use AddSerie(new XYSerie(const wxVector&<wxRealPoint>)) instead.
  c:\users\teste\centralgit\wxfreechart\wxfreechartgraphs\include\wx\xy\xysimpledataset.h(110): note: see declaration of 'XYSimpleDataset::AddSerie'
c:\users\teste\centralgit\wxfreechart\wxfreechartgraphs\sample\sigademos3.cpp(556): warning C4996: 'XYSimpleDataset::AddSerie': deprecated: Use AddSerie(new XYSerie(const wxVector&<wxRealPoint>)) instead.
  c:\users\teste\centralgit\wxfreechart\wxfreechartgraphs\include\wx\xy\xysimpledataset.h(110): note: see declaration of 'XYSimpleDataset::AddSerie'
c:\users\teste\centralgit\wxfreechart\wxfreechartgraphs\sample\sigademos3.cpp(658): warning C4996: 'XYSimpleDataset::AddSerie': deprecated: Use AddSerie(new XYSerie(const wxVector&<wxRealPoint>)) instead.
  c:\users\teste\centralgit\wxfreechart\wxfreechartgraphs\include\wx\xy\xysimpledataset.h(110): note: see declaration of 'XYSimpleDataset::AddSerie'
c:\users\teste\centralgit\wxfreechart\wxfreechartgraphs\sample\sigademos3.cpp(746): warning C4996: 'XYSimpleDataset::AddSerie': deprecated: Use AddSerie(new XYSerie(const wxVector&<wxRealPoint>)) instead.
  c:\users\teste\centralgit\wxfreechart\wxfreechartgraphs\include\wx\xy\xysimpledataset.h(110): note: see declaration of 'XYSimpleDataset::AddSerie'
  sigademos2.cpp
c:\users\teste\centralgit\wxfreechart\wxfreechartgraphs\include\wx\axis\numberaxis.h(38): warning C4100: 'labelCount': unreferenced formal parameter
c:\users\teste\centralgit\wxfreechart\wxfreechartgraphs\sample\sigademos2.cpp(89): warning C4996: 'XYSimpleDataset::AddSerie': deprecated: Use AddSerie(new XYSerie(const wxVector&<wxRealPoint>)) instead.
  c:\users\teste\centralgit\wxfreechart\wxfreechartgraphs\include\wx\xy\xysimpledataset.h(110): note: see declaration of 'XYSimpleDataset::AddSerie'
c:\users\teste\centralgit\wxfreechart\wxfreechartgraphs\sample\sigademos2.cpp(94): warning C4996: 'XYSimpleDataset::AddSerie': deprecated: Use AddSerie(new XYSerie(const wxVector&<wxRealPoint>)) instead.
  c:\users\teste\centralgit\wxfreechart\wxfreechartgraphs\include\wx\xy\xysimpledataset.h(110): note: see declaration of 'XYSimpleDataset::AddSerie'
c:\users\teste\centralgit\wxfreechart\wxfreechartgraphs\sample\sigademos2.cpp(227): warning C4996: 'XYSimpleDataset::SetSerieName': deprecated: Use GetSeries()->SetName() instead.
  c:\users\teste\centralgit\wxfreechart\wxfreechartgraphs\include\wx\xy\xysimpledataset.h(132): note: see declaration of 'XYSimpleDataset::SetSerieName'
c:\users\teste\centralgit\wxfreechart\wxfreechartgraphs\sample\sigademos2.cpp(228): warning C4996: 'XYSimpleDataset::SetSerieName': deprecated: Use GetSeries()->SetName() instead.
  c:\users\teste\centralgit\wxfreechart\wxfreechartgraphs\include\wx\xy\xysimpledataset.h(132): note: see declaration of 'XYSimpleDataset::SetSerieName'
  sigademos.cpp
c:\users\teste\centralgit\wxfreechart\wxfreechartgraphs\include\wx\axis\numberaxis.h(38): warning C4100: 'labelCount': unreferenced formal parameter
c:\users\teste\centralgit\wxfreechart\wxfreechartgraphs\sample\sigademos.cpp(89): warning C4996: 'XYSimpleDataset::AddSerie': deprecated: Use AddSerie(new XYSerie(const wxVector&<wxRealPoint>)) instead.
  c:\users\teste\centralgit\wxfreechart\wxfreechartgraphs\include\wx\xy\xysimpledataset.h(110): note: see declaration of 'XYSimpleDataset::AddSerie'
c:\users\teste\centralgit\wxfreechart\wxfreechartgraphs\sample\sigademos.cpp(94): warning C4996: 'XYSimpleDataset::AddSerie': deprecated: Use AddSerie(new XYSerie(const wxVector&<wxRealPoint>)) instead.
  c:\users\teste\centralgit\wxfreechart\wxfreechartgraphs\include\wx\xy\xysimpledataset.h(110): note: see declaration of 'XYSimpleDataset::AddSerie'
c:\users\teste\centralgit\wxfreechart\wxfreechartgraphs\sample\sigademos.cpp(226): warning C4996: 'XYSimpleDataset::SetSerieName': deprecated: Use GetSeries()->SetName() instead.
  c:\users\teste\centralgit\wxfreechart\wxfreechartgraphs\include\wx\xy\xysimpledataset.h(132): note: see declaration of 'XYSimpleDataset::SetSerieName'
c:\users\teste\centralgit\wxfreechart\wxfreechartgraphs\sample\sigademos.cpp(227): warning C4996: 'XYSimpleDataset::SetSerieName': deprecated: Use GetSeries()->SetName() instead.
  c:\users\teste\centralgit\wxfreechart\wxfreechartgraphs\include\wx\xy\xysimpledataset.h(132): note: see declaration of 'XYSimpleDataset::SetSerieName'
  pieplotdemos.cpp
c:\users\teste\centralgit\wxfreechart\wxfreechartgraphs\include\wx\pie\pieplot.h(71): warning C4100: 'rc': unreferenced formal parameter
c:\users\teste\centralgit\wxfreechart\wxfreechartgraphs\include\wx\pie\pieplot.h(71): warning C4100: 'cdc': unreferenced formal parameter
  ohlcdemos.cpp
c:\users\teste\centralgit\wxfreechart\wxfreechartgraphs\include\wx\axis\numberaxis.h(38): warning C4100: 'labelCount': unreferenced formal parameter
  multipleaxisdemos.cpp
c:\users\teste\centralgit\wxfreechart\wxfreechartgraphs\include\wx\axis\numberaxis.h(38): warning C4100: 'labelCount': unreferenced formal parameter
c:\users\teste\centralgit\wxfreechart\wxfreechartgraphs\sample\multipleaxisdemos.cpp(65): warning C4996: 'XYSimpleDataset::AddSerie': deprecated: Use AddSerie(new XYSerie(const wxVector&<wxRealPoint>)) instead.
  c:\users\teste\centralgit\wxfreechart\wxfreechartgraphs\include\wx\xy\xysimpledataset.h(110): note: see declaration of 'XYSimpleDataset::AddSerie'
c:\users\teste\centralgit\wxfreechart\wxfreechartgraphs\sample\multipleaxisdemos.cpp(70): warning C4996: 'XYSimpleDataset::AddSerie': deprecated: Use AddSerie(new XYSerie(const wxVector&<wxRealPoint>)) instead.
  c:\users\teste\centralgit\wxfreechart\wxfreechartgraphs\include\wx\xy\xysimpledataset.h(110): note: see declaration of 'XYSimpleDataset::AddSerie'
c:\users\teste\centralgit\wxfreechart\wxfreechartgraphs\sample\multipleaxisdemos.cpp(170): warning C4996: 'XYSimpleDataset::AddSerie': deprecated: Use AddSerie(new XYSerie(const wxVector&<wxRealPoint>)) instead.
  c:\users\teste\centralgit\wxfreechart\wxfreechartgraphs\include\wx\xy\xysimpledataset.h(110): note: see declaration of 'XYSimpleDataset::AddSerie'
c:\users\teste\centralgit\wxfreechart\wxfreechartgraphs\sample\multipleaxisdemos.cpp(175): warning C4996: 'XYSimpleDataset::AddSerie': deprecated: Use AddSerie(new XYSerie(const wxVector&<wxRealPoint>)) instead.
  c:\users\teste\centralgit\wxfreechart\wxfreechartgraphs\include\wx\xy\xysimpledataset.h(110): note: see declaration of 'XYSimpleDataset::AddSerie'
  markersdemos.cpp
c:\users\teste\centralgit\wxfreechart\wxfreechartgraphs\include\wx\axis\numberaxis.h(38): warning C4100: 'labelCount': unreferenced formal parameter
c:\users\teste\centralgit\wxfreechart\wxfreechartgraphs\sample\markersdemos.cpp(47): warning C4996: 'XYSimpleDataset::AddSerie': deprecated: Use AddSerie(new XYSerie(const wxVector&<wxRealPoint>)) instead.
  c:\users\teste\centralgit\wxfreechart\wxfreechartgraphs\include\wx\xy\xysimpledataset.h(110): note: see declaration of 'XYSimpleDataset::AddSerie'
c:\users\teste\centralgit\wxfreechart\wxfreechartgraphs\sample\markersdemos.cpp(100): warning C4996: 'XYSimpleDataset::AddSerie': deprecated: Use AddSerie(new XYSerie(const wxVector&<wxRealPoint>)) instead.
  c:\users\teste\centralgit\wxfreechart\wxfreechartgraphs\include\wx\xy\xysimpledataset.h(110): note: see declaration of 'XYSimpleDataset::AddSerie'
  ganttdemos.cpp
  bubbledemos.cpp
c:\users\teste\centralgit\wxfreechart\wxfreechartgraphs\include\wx\axis\numberaxis.h(38): warning C4100: 'labelCount': unreferenced formal parameter
  bardemos.cpp
c:\users\teste\centralgit\wxfreechart\wxfreechartgraphs\include\wx\axis\numberaxis.h(38): warning C4100: 'labelCount': unreferenced formal parameter
c:\users\teste\centralgit\wxfreechart\wxfreechartgraphs\sample\bardemos.cpp(528): warning C4996: 'AxisPlot::SetDataBackground': deprecated: SetDataBackground is deprecated, use SetBackground instead
  c:\users\teste\centralgit\wxfreechart\wxfreechartgraphs\include\wx\axisplot.h(200): note: see declaration of 'AxisPlot::SetDataBackground'
  Generating Code...
  Skipping... (no relevant changes detected)
  democollection.cpp
  demo.cpp
bardemos.obj : warning LNK4075: ignoring '/EDITANDCONTINUE' due to '/SAFESEH' specification
  demo_vc9.vcxproj -> C:\Users\teste\centralGit\wxFreeChart\wxFreeChartGraphs\sample\vc_mswud\wxFreeChart Demo.exe
  demo_vc9.vcxproj -> vc_mswud\wxFreeChart Demo.pdb (Full PDB)
