c:\users\teste\downloads\wxcodeurl2juntandoprojetosantesdivclasses\wxfreechart\sample\vc_mswud\intermediate\vc140.pdb
c:\users\teste\downloads\wxcodeurl2juntandoprojetosantesdivclasses\wxfreechart\sample\vc_mswud\intermediate\vc140.idb
c:\users\teste\downloads\wxcodeurl2juntandoprojetosantesdivclasses\wxfreechart\sample\vc_mswud\intermediate\bardemos.obj
c:\users\teste\downloads\wxcodeurl2juntandoprojetosantesdivclasses\wxfreechart\sample\vc_mswud\intermediate\bubbledemos.obj
c:\users\teste\downloads\wxcodeurl2juntandoprojetosantesdivclasses\wxfreechart\sample\vc_mswud\intermediate\combinedaxisdemos.obj
c:\users\teste\downloads\wxcodeurl2juntandoprojetosantesdivclasses\wxfreechart\sample\vc_mswud\intermediate\demo.obj
c:\users\teste\downloads\wxcodeurl2juntandoprojetosantesdivclasses\wxfreechart\sample\vc_mswud\intermediate\democollection.obj
c:\users\teste\downloads\wxcodeurl2juntandoprojetosantesdivclasses\wxfreechart\sample\vc_mswud\intermediate\ganttdemos.obj
c:\users\teste\downloads\wxcodeurl2juntandoprojetosantesdivclasses\wxfreechart\sample\vc_mswud\intermediate\markersdemos.obj
c:\users\teste\downloads\wxcodeurl2juntandoprojetosantesdivclasses\wxfreechart\sample\vc_mswud\intermediate\multipleaxisdemos.obj
c:\users\teste\downloads\wxcodeurl2juntandoprojetosantesdivclasses\wxfreechart\sample\vc_mswud\intermediate\ohlcdemos.obj
c:\users\teste\downloads\wxcodeurl2juntandoprojetosantesdivclasses\wxfreechart\sample\vc_mswud\intermediate\pieplotdemos.obj
c:\users\teste\downloads\wxcodeurl2juntandoprojetosantesdivclasses\wxfreechart\sample\vc_mswud\intermediate\sigademos.obj
c:\users\teste\downloads\wxcodeurl2juntandoprojetosantesdivclasses\wxfreechart\sample\vc_mswud\intermediate\sigademos2.obj
c:\users\teste\downloads\wxcodeurl2juntandoprojetosantesdivclasses\wxfreechart\sample\vc_mswud\intermediate\timeseriesdemos.obj
c:\users\teste\downloads\wxcodeurl2juntandoprojetosantesdivclasses\wxfreechart\sample\vc_mswud\intermediate\titledemos.obj
c:\users\teste\downloads\wxcodeurl2juntandoprojetosantesdivclasses\wxfreechart\sample\vc_mswud\intermediate\xydemos.obj
c:\users\teste\downloads\wxcodeurl2juntandoprojetosantesdivclasses\wxfreechart\sample\vc_mswud\intermediate\sigademos3.obj
c:\users\teste\downloads\wxcodeurl2juntandoprojetosantesdivclasses\wxfreechart\sample\vc_mswud\wxfreechart demo.ilk
c:\users\teste\downloads\wxcodeurl2juntandoprojetosantesdivclasses\wxfreechart\sample\vc_mswud\wxfreechart demo.exe
c:\users\teste\downloads\wxcodeurl2juntandoprojetosantesdivclasses\wxfreechart\sample\vc_mswud\wxfreechart demo.pdb
c:\users\teste\downloads\wxcodeurl2juntandoprojetosantesdivclasses\wxfreechart\sample\vc_mswud\intermediate\wxfreechart demo.tlog\cl.command.1.tlog
c:\users\teste\downloads\wxcodeurl2juntandoprojetosantesdivclasses\wxfreechart\sample\vc_mswud\intermediate\wxfreechart demo.tlog\cl.read.1.tlog
c:\users\teste\downloads\wxcodeurl2juntandoprojetosantesdivclasses\wxfreechart\sample\vc_mswud\intermediate\wxfreechart demo.tlog\cl.write.1.tlog
c:\users\teste\downloads\wxcodeurl2juntandoprojetosantesdivclasses\wxfreechart\sample\vc_mswud\intermediate\wxfreechart demo.tlog\link.command.1.tlog
c:\users\teste\downloads\wxcodeurl2juntandoprojetosantesdivclasses\wxfreechart\sample\vc_mswud\intermediate\wxfreechart demo.tlog\link.read.1.tlog
c:\users\teste\downloads\wxcodeurl2juntandoprojetosantesdivclasses\wxfreechart\sample\vc_mswud\intermediate\wxfreechart demo.tlog\link.write.1.tlog
