  axis.cpp
  Generating Code...
  Skipping... (no relevant changes detected)
  zoompan.cpp
  xyzrenderer.cpp
  xyzdataset.cpp
  bubbleplot.cpp
  xysimpledataset.cpp
  xyrenderer.cpp
  xyplot.cpp
  xylinerenderer.cpp
  xyhistorenderer.cpp
  xydynamicdataset.cpp
  xydataset.cpp
  xyarearenderer.cpp
  vectordataset.cpp
  timeseriesdataset.cpp
  juliantimeseriesdataset.cpp
  sinefunction.cpp
  polynom.cpp
  AxisMultiPlot.cpp
  pieplot.cpp
  ohlcsimpledataset.cpp
  ohlcplot.cpp
  ohlcdataset.cpp
  movingaverage.cpp
  marker.cpp
  legend.cpp
  ganttsimpledataset.cpp
  ganttrenderer.cpp
  ganttplot.cpp
  ganttdataset.cpp
  crosshair.cpp
  chartsplitpanel.cpp
  chartpanel.cpp
  chart.cpp
  categorysimpledataset.cpp
  categorydataset.cpp
  barrenderer.cpp
  barplot.cpp
  axisplot.cpp
  numberaxis.cpp
  logarithmicnumberaxis.cpp
  labelaxis.cpp
  juliandateaxis.cpp
  dateaxis.cpp
  compdateaxis.cpp
  categoryaxis.cpp
C:\Program Files (x86)\MSBuild\Microsoft.Cpp\v4.0\V140\Microsoft.CppBuild.targets(1357,5): warning MSB8012: TargetPath(C:\Users\teste\centralGit\wxFreeChart\wxFreeChartGraphs\build\..\lib\vc_lib\wxFreeChart.lib) does not match the Library's OutputFile property value (C:\Users\teste\centralGit\wxFreeChart\wxFreeChartGraphs\lib\vc_lib\wxFreeChart17ud.lib). This may cause your project to build incorrectly. To correct this, please make sure that $(OutDir), $(TargetName) and $(TargetExt) property values match the value specified in %(Lib.OutputFile).
C:\Program Files (x86)\MSBuild\Microsoft.Cpp\v4.0\V140\Microsoft.CppBuild.targets(1359,5): warning MSB8012: TargetName(wxFreeChart) does not match the Library's OutputFile property value (wxFreeChart17ud). This may cause your project to build incorrectly. To correct this, please make sure that $(OutDir), $(TargetName) and $(TargetExt) property values match the value specified in %(Lib.OutputFile).
tooltips.obj : warning LNK4221: This object file does not define any previously undefined public symbols, so it will not be used by any link operation that consumes this library
  wxFreeChart_vc9.vcxproj -> C:\Users\teste\centralGit\wxFreeChart\wxFreeChartGraphs\build\..\lib\vc_lib\wxFreeChart.lib
