c:\users\teste\downloads\wxcodeurl2juntandoprojetosantesdivclasses\wxfreechart\build\vc_mswud\wxfreechart.pdb
c:\users\teste\downloads\wxcodeurl2juntandoprojetosantesdivclasses\wxfreechart\build\vc_mswud\wxfreechart.idb
c:\users\teste\downloads\wxcodeurl2juntandoprojetosantesdivclasses\wxfreechart\build\vc_mswud\symbol.obj
c:\users\teste\downloads\wxcodeurl2juntandoprojetosantesdivclasses\wxfreechart\build\vc_mswud\title.obj
c:\users\teste\downloads\wxcodeurl2juntandoprojetosantesdivclasses\wxfreechart\build\vc_mswud\tooltips.obj
c:\users\teste\downloads\wxcodeurl2juntandoprojetosantesdivclasses\wxfreechart\build\vc_mswud\bubbleplot.obj
c:\users\teste\downloads\wxcodeurl2juntandoprojetosantesdivclasses\wxfreechart\build\vc_mswud\xyzdataset.obj
c:\users\teste\downloads\wxcodeurl2juntandoprojetosantesdivclasses\wxfreechart\build\vc_mswud\xyzrenderer.obj
c:\users\teste\downloads\wxcodeurl2juntandoprojetosantesdivclasses\wxfreechart\build\vc_mswud\polynom.obj
c:\users\teste\downloads\wxcodeurl2juntandoprojetosantesdivclasses\wxfreechart\build\vc_mswud\sinefunction.obj
c:\users\teste\downloads\wxcodeurl2juntandoprojetosantesdivclasses\wxfreechart\build\vc_mswud\juliantimeseriesdataset.obj
c:\users\teste\downloads\wxcodeurl2juntandoprojetosantesdivclasses\wxfreechart\build\vc_mswud\timeseriesdataset.obj
c:\users\teste\downloads\wxcodeurl2juntandoprojetosantesdivclasses\wxfreechart\build\vc_mswud\vectordataset.obj
c:\users\teste\downloads\wxcodeurl2juntandoprojetosantesdivclasses\wxfreechart\build\vc_mswud\xyarearenderer.obj
c:\users\teste\downloads\wxcodeurl2juntandoprojetosantesdivclasses\wxfreechart\build\vc_mswud\xydataset.obj
c:\users\teste\downloads\wxcodeurl2juntandoprojetosantesdivclasses\wxfreechart\build\vc_mswud\xydynamicdataset.obj
c:\users\teste\downloads\wxcodeurl2juntandoprojetosantesdivclasses\wxfreechart\build\vc_mswud\xyhistorenderer.obj
c:\users\teste\downloads\wxcodeurl2juntandoprojetosantesdivclasses\wxfreechart\build\vc_mswud\xylinerenderer.obj
c:\users\teste\downloads\wxcodeurl2juntandoprojetosantesdivclasses\wxfreechart\build\vc_mswud\xyplot.obj
c:\users\teste\downloads\wxcodeurl2juntandoprojetosantesdivclasses\wxfreechart\build\vc_mswud\xyrenderer.obj
c:\users\teste\downloads\wxcodeurl2juntandoprojetosantesdivclasses\wxfreechart\build\vc_mswud\xysimpledataset.obj
c:\users\teste\downloads\wxcodeurl2juntandoprojetosantesdivclasses\wxfreechart\build\vc_mswud\zoompan.obj
c:\users\teste\downloads\wxcodeurl2juntandoprojetosantesdivclasses\wxfreechart\build\vc_mswud\colorscheme.obj
c:\users\teste\downloads\wxcodeurl2juntandoprojetosantesdivclasses\wxfreechart\build\vc_mswud\crosshair.obj
c:\users\teste\downloads\wxcodeurl2juntandoprojetosantesdivclasses\wxfreechart\build\vc_mswud\dataset.obj
c:\users\teste\downloads\wxcodeurl2juntandoprojetosantesdivclasses\wxfreechart\build\vc_mswud\ganttdataset.obj
c:\users\teste\downloads\wxcodeurl2juntandoprojetosantesdivclasses\wxfreechart\build\vc_mswud\ganttplot.obj
c:\users\teste\downloads\wxcodeurl2juntandoprojetosantesdivclasses\wxfreechart\build\vc_mswud\ganttrenderer.obj
c:\users\teste\downloads\wxcodeurl2juntandoprojetosantesdivclasses\wxfreechart\build\vc_mswud\ganttsimpledataset.obj
c:\users\teste\downloads\wxcodeurl2juntandoprojetosantesdivclasses\wxfreechart\build\vc_mswud\legend.obj
c:\users\teste\downloads\wxcodeurl2juntandoprojetosantesdivclasses\wxfreechart\build\vc_mswud\marker.obj
c:\users\teste\downloads\wxcodeurl2juntandoprojetosantesdivclasses\wxfreechart\build\vc_mswud\multiplot.obj
c:\users\teste\downloads\wxcodeurl2juntandoprojetosantesdivclasses\wxfreechart\build\vc_mswud\movingaverage.obj
c:\users\teste\downloads\wxcodeurl2juntandoprojetosantesdivclasses\wxfreechart\build\vc_mswud\ohlcbarrenderer.obj
c:\users\teste\downloads\wxcodeurl2juntandoprojetosantesdivclasses\wxfreechart\build\vc_mswud\ohlccandlestickrenderer.obj
c:\users\teste\downloads\wxcodeurl2juntandoprojetosantesdivclasses\wxfreechart\build\vc_mswud\ohlcdataset.obj
c:\users\teste\downloads\wxcodeurl2juntandoprojetosantesdivclasses\wxfreechart\build\vc_mswud\ohlcplot.obj
c:\users\teste\downloads\wxcodeurl2juntandoprojetosantesdivclasses\wxfreechart\build\vc_mswud\ohlcrenderer.obj
c:\users\teste\downloads\wxcodeurl2juntandoprojetosantesdivclasses\wxfreechart\build\vc_mswud\ohlcsimpledataset.obj
c:\users\teste\downloads\wxcodeurl2juntandoprojetosantesdivclasses\wxfreechart\build\vc_mswud\pieplot.obj
c:\users\teste\downloads\wxcodeurl2juntandoprojetosantesdivclasses\wxfreechart\build\vc_mswud\plot.obj
c:\users\teste\downloads\wxcodeurl2juntandoprojetosantesdivclasses\wxfreechart\build\vc_mswud\renderer.obj
c:\users\teste\downloads\wxcodeurl2juntandoprojetosantesdivclasses\wxfreechart\build\vc_mswud\areadraw.obj
c:\users\teste\downloads\wxcodeurl2juntandoprojetosantesdivclasses\wxfreechart\build\vc_mswud\art.obj
c:\users\teste\downloads\wxcodeurl2juntandoprojetosantesdivclasses\wxfreechart\build\vc_mswud\axisplot.obj
c:\users\teste\downloads\wxcodeurl2juntandoprojetosantesdivclasses\wxfreechart\build\vc_mswud\axis.obj
c:\users\teste\downloads\wxcodeurl2juntandoprojetosantesdivclasses\wxfreechart\build\vc_mswud\categoryaxis.obj
c:\users\teste\downloads\wxcodeurl2juntandoprojetosantesdivclasses\wxfreechart\build\vc_mswud\compdateaxis.obj
c:\users\teste\downloads\wxcodeurl2juntandoprojetosantesdivclasses\wxfreechart\build\vc_mswud\dateaxis.obj
c:\users\teste\downloads\wxcodeurl2juntandoprojetosantesdivclasses\wxfreechart\build\vc_mswud\juliandateaxis.obj
c:\users\teste\downloads\wxcodeurl2juntandoprojetosantesdivclasses\wxfreechart\build\vc_mswud\labelaxis.obj
c:\users\teste\downloads\wxcodeurl2juntandoprojetosantesdivclasses\wxfreechart\build\vc_mswud\logarithmicnumberaxis.obj
c:\users\teste\downloads\wxcodeurl2juntandoprojetosantesdivclasses\wxfreechart\build\vc_mswud\numberaxis.obj
c:\users\teste\downloads\wxcodeurl2juntandoprojetosantesdivclasses\wxfreechart\build\vc_mswud\barplot.obj
c:\users\teste\downloads\wxcodeurl2juntandoprojetosantesdivclasses\wxfreechart\build\vc_mswud\barrenderer.obj
c:\users\teste\downloads\wxcodeurl2juntandoprojetosantesdivclasses\wxfreechart\build\vc_mswud\categorydataset.obj
c:\users\teste\downloads\wxcodeurl2juntandoprojetosantesdivclasses\wxfreechart\build\vc_mswud\categoryrenderer.obj
c:\users\teste\downloads\wxcodeurl2juntandoprojetosantesdivclasses\wxfreechart\build\vc_mswud\categorysimpledataset.obj
c:\users\teste\downloads\wxcodeurl2juntandoprojetosantesdivclasses\wxfreechart\build\vc_mswud\chart.obj
c:\users\teste\downloads\wxcodeurl2juntandoprojetosantesdivclasses\wxfreechart\build\vc_mswud\chartpanel.obj
c:\users\teste\downloads\wxcodeurl2juntandoprojetosantesdivclasses\wxfreechart\build\vc_mswud\chartsplitpanel.obj
c:\users\teste\downloads\wxcodeurl2juntandoprojetosantesdivclasses\wxfreechart\lib\vc_lib\wxfreechart17ud.lib
c:\users\teste\downloads\wxcodeurl2juntandoprojetosantesdivclasses\wxfreechart\build\vc_mswud\wxfreechart.tlog\cl.command.1.tlog
c:\users\teste\downloads\wxcodeurl2juntandoprojetosantesdivclasses\wxfreechart\build\vc_mswud\wxfreechart.tlog\cl.read.1.tlog
c:\users\teste\downloads\wxcodeurl2juntandoprojetosantesdivclasses\wxfreechart\build\vc_mswud\wxfreechart.tlog\cl.write.1.tlog
c:\users\teste\downloads\wxcodeurl2juntandoprojetosantesdivclasses\wxfreechart\build\vc_mswud\wxfreechart.tlog\lib-link.read.1.tlog
c:\users\teste\downloads\wxcodeurl2juntandoprojetosantesdivclasses\wxfreechart\build\vc_mswud\wxfreechart.tlog\lib-link.write.1.tlog
c:\users\teste\downloads\wxcodeurl2juntandoprojetosantesdivclasses\wxfreechart\build\vc_mswud\wxfreechart.tlog\lib.command.1.tlog
